<?xml version="1.0" encoding="UTF-8"?>
<!-- Generated by org.testng.reporters.JUnitXMLReporter -->
<testsuite ignored="0" hostname="Sal_Alienware" failures="3" tests="10" name="Test" time="70.929" errors="0" timestamp="2022-08-23T17:54:49 EDT">
  <testcase classname="com.naveenautomations.Tests.CameraPurchasePageTest" name="addedToCartTest" time="1.033"/>
  <testcase classname="com.naveenautomations.Tests.OrderConfirmationPageTest" name="OrderConfirmationTest" time="1.89">
    <skipped/>
  </testcase> <!-- OrderConfirmationTest -->
  <testcase classname="com.naveenautomations.Tests.OrderConfirmationPageTest" name="OrderConfirmationTest" time="1.862">
    <failure type="java.lang.AssertionError" message="Order not confirmed expected [Your order has been successfullyprocessed!] but found [Your order has been successfully processed!]">
      <![CDATA[java.lang.AssertionError: Order not confirmed expected [Your order has been successfullyprocessed!] but found [Your order has been successfully processed!]
at com.naveenautomations.Tests.OrderConfirmationPageTest.OrderConfirmationTest(OrderConfirmationPageTest.java:66)
at java.base/java.util.ArrayList.forEach(ArrayList.java:1511)
... Removed 30 stack frames]]>
    </failure>
  </testcase> <!-- OrderConfirmationTest -->
  <testcase classname="com.naveenautomations.Tests.YourStorePageTest" name="testSomething" time="0.033"/>
  <testcase classname="com.naveenautomations.Tests.AccountLoginTest" name="verifyLogin" time="0.77"/>
  <testcase classname="com.naveenautomations.Tests.ChangePasswordPageTest" name="verifyOnChangePasswordPage" time="0.418">
    <skipped/>
  </testcase> <!-- verifyOnChangePasswordPage -->
  <testcase classname="com.naveenautomations.Tests.ChangePasswordPageTest" name="verifyOnChangePasswordPage" time="0.418">
    <failure type="java.lang.AssertionError" message="Not on passowrd page expected [ChangePassword] but found [Change Password]">
      <![CDATA[java.lang.AssertionError: Not on passowrd page expected [ChangePassword] but found [Change Password]
at com.naveenautomations.Tests.ChangePasswordPageTest.verifyOnChangePasswordPage(ChangePasswordPageTest.java:44)
at java.base/java.util.ArrayList.forEach(ArrayList.java:1511)
... Removed 30 stack frames]]>
    </failure>
  </testcase> <!-- verifyOnChangePasswordPage -->
  <testcase classname="com.naveenautomations.Tests.ChangePasswordPageTest" name="confrmPassowrdChangedSuccessfuly" time="1.126"/>
  <testcase classname="com.naveenautomations.Tests.OrderHistoryTest" name="verifyOnOrderHistoryPage" time="0.43">
    <skipped/>
  </testcase> <!-- verifyOnOrderHistoryPage -->
  <testcase classname="com.naveenautomations.Tests.OrderHistoryTest" name="verifyOnOrderHistoryPage" time="0.423">
    <failure type="java.lang.AssertionError" message="Not on history web page expected [OrderHistory] but found [Order History]">
      <![CDATA[java.lang.AssertionError: Not on history web page expected [OrderHistory] but found [Order History]
at com.naveenautomations.Tests.OrderHistoryTest.verifyOnOrderHistoryPage(OrderHistoryTest.java:41)
at java.base/java.util.ArrayList.forEach(ArrayList.java:1511)
... Removed 30 stack frames]]>
    </failure>
  </testcase> <!-- verifyOnOrderHistoryPage -->
</testsuite> <!-- Test -->
