<!DOCTYPE html PUBLIC "-//W3C//DTD XHTML 1.1//EN" "https://www.w3.org/TR/xhtml11/DTD/xhtml11.dtd">
<html xmlns="https://www.w3.org/1999/xhtml">
<head>
<meta http-equiv="content-type" content="text/html; charset=UTF-8"/>
<title>TestNG Report</title>
<style type="text/css">table {margin-bottom:10px;border-collapse:collapse;empty-cells:show}th,td {border:1px solid #009;padding:.25em .5em}th {vertical-align:bottom}td {vertical-align:top}table a {font-weight:bold}.stripe td {background-color: #E6EBF9}.num {text-align:right}.passedodd td {background-color: #3F3}.passedeven td {background-color: #0A0}.skippedodd td {background-color: #DDD}.skippedeven td {background-color: #CCC}.failedodd td,.attn {background-color: #F33}.failedeven td,.stripe .attn {background-color: #D00}.stacktrace {white-space:pre;font-family:monospace}.totop {font-size:85%;text-align:center;border-bottom:2px solid #000}.invisible {display:none}</style>
</head>
<body>
<table>
<tr><th>Test</th><th># Passed</th><th># Skipped</th><th># Retried</th><th># Failed</th><th>Time (ms)</th><th>Included Groups</th><th>Excluded Groups</th></tr>
<tr><th colspan="8">Suite</th></tr>
<tr><td><a href="#t0">Test</a></td><td class="num">4</td><td class="num">0</td><td class="num attn">3</td><td class="num attn">3</td><td class="num">70,929</td><td></td><td></td></tr>
</table>
<table id='summary'><thead><tr><th>Class</th><th>Method</th><th>Start</th><th>Time (ms)</th></tr></thead><tbody><tr><th colspan="4">Suite</th></tr></tbody><tbody id="t0"><tr><th colspan="4">Test &#8212; failed</th></tr><tr class="failedeven"><td rowspan="1">com.naveenautomations.Tests.ChangePasswordPageTest</td><td><a href="#m0">verifyOnChangePasswordPage</a></td><td rowspan="1">1661291671040</td><td rowspan="1">418</td></tr><tr class="failedodd"><td rowspan="1">com.naveenautomations.Tests.OrderConfirmationPageTest</td><td><a href="#m1">OrderConfirmationTest</a></td><td rowspan="1">1661291648022</td><td rowspan="1">1862</td></tr><tr class="failedeven"><td rowspan="1">com.naveenautomations.Tests.OrderHistoryTest</td><td><a href="#m2">verifyOnOrderHistoryPage</a></td><td rowspan="1">1661291689047</td><td rowspan="1">423</td></tr><tr><th colspan="4">Test &#8212; retried</th></tr><tr class="retriedeven"><td rowspan="1">com.naveenautomations.Tests.ChangePasswordPageTest</td><td><a href="#m3">verifyOnChangePasswordPage</a></td><td rowspan="1">1661291664530</td><td rowspan="1">418</td></tr><tr class="retriedodd"><td rowspan="1">com.naveenautomations.Tests.OrderConfirmationPageTest</td><td><a href="#m4">OrderConfirmationTest</a></td><td rowspan="1">1661291636677</td><td rowspan="1">1890</td></tr><tr class="retriedeven"><td rowspan="1">com.naveenautomations.Tests.OrderHistoryTest</td><td><a href="#m5">verifyOnOrderHistoryPage</a></td><td rowspan="1">1661291683280</td><td rowspan="1">430</td></tr><tr><th colspan="4">Test &#8212; passed</th></tr><tr class="passedeven"><td rowspan="1">com.naveenautomations.Tests.AccountLoginTest</td><td><a href="#m6">verifyLogin</a></td><td rowspan="1">1661291658593</td><td rowspan="1">770</td></tr><tr class="passedodd"><td rowspan="1">com.naveenautomations.Tests.CameraPurchasePageTest</td><td><a href="#m7">addedToCartTest</a></td><td rowspan="1">1661291625021</td><td rowspan="1">1033</td></tr><tr class="passedeven"><td rowspan="1">com.naveenautomations.Tests.ChangePasswordPageTest</td><td><a href="#m8">confrmPassowrdChangedSuccessfuly</a></td><td rowspan="1">1661291676962</td><td rowspan="1">1126</td></tr><tr class="passedodd"><td rowspan="1">com.naveenautomations.Tests.YourStorePageTest</td><td><a href="#m9">testSomething</a></td><td rowspan="1">1661291654224</td><td rowspan="1">33</td></tr></tbody>
</table>
<h2>Test</h2><h3 id="m0">com.naveenautomations.Tests.ChangePasswordPageTest#verifyOnChangePasswordPage</h3><table class="result"><tr><th>Exception</th></tr><tr><td><div class="stacktrace">java.lang.AssertionError: Not on passowrd page expected [ChangePassword] but found [Change Password]
	at com.naveenautomations.Tests.ChangePasswordPageTest.verifyOnChangePasswordPage(ChangePasswordPageTest.java:44)
	at java.base/java.util.ArrayList.forEach(ArrayList.java:1511)
... Removed 30 stack frames</div></td></tr></table><p class="totop"><a href="#summary">back to summary</a></p>
<h3 id="m1">com.naveenautomations.Tests.OrderConfirmationPageTest#OrderConfirmationTest</h3><table class="result"><tr><th>Exception</th></tr><tr><td><div class="stacktrace">java.lang.AssertionError: Order not confirmed expected [Your order has been successfullyprocessed!] but found [Your order has been successfully processed!]
	at com.naveenautomations.Tests.OrderConfirmationPageTest.OrderConfirmationTest(OrderConfirmationPageTest.java:66)
	at java.base/java.util.ArrayList.forEach(ArrayList.java:1511)
... Removed 30 stack frames</div></td></tr></table><p class="totop"><a href="#summary">back to summary</a></p>
<h3 id="m2">com.naveenautomations.Tests.OrderHistoryTest#verifyOnOrderHistoryPage</h3><table class="result"><tr><th>Exception</th></tr><tr><td><div class="stacktrace">java.lang.AssertionError: Not on history web page expected [OrderHistory] but found [Order History]
	at com.naveenautomations.Tests.OrderHistoryTest.verifyOnOrderHistoryPage(OrderHistoryTest.java:41)
	at java.base/java.util.ArrayList.forEach(ArrayList.java:1511)
... Removed 30 stack frames</div></td></tr></table><p class="totop"><a href="#summary">back to summary</a></p>
<h3 id="m3">com.naveenautomations.Tests.ChangePasswordPageTest#verifyOnChangePasswordPage</h3><table class="result"><tr><th>Exception</th></tr><tr><td><div class="stacktrace">java.lang.AssertionError: Not on passowrd page expected [ChangePassword] but found [Change Password]
	at com.naveenautomations.Tests.ChangePasswordPageTest.verifyOnChangePasswordPage(ChangePasswordPageTest.java:44)
	at java.base/java.util.ArrayList.forEach(ArrayList.java:1511)
... Removed 30 stack frames</div></td></tr></table><p class="totop"><a href="#summary">back to summary</a></p>
<h3 id="m4">com.naveenautomations.Tests.OrderConfirmationPageTest#OrderConfirmationTest</h3><table class="result"><tr><th>Exception</th></tr><tr><td><div class="stacktrace">java.lang.AssertionError: Order not confirmed expected [Your order has been successfullyprocessed!] but found [Your order has been successfully processed!]
	at com.naveenautomations.Tests.OrderConfirmationPageTest.OrderConfirmationTest(OrderConfirmationPageTest.java:66)
	at java.base/java.util.ArrayList.forEach(ArrayList.java:1511)
... Removed 30 stack frames</div></td></tr></table><p class="totop"><a href="#summary">back to summary</a></p>
<h3 id="m5">com.naveenautomations.Tests.OrderHistoryTest#verifyOnOrderHistoryPage</h3><table class="result"><tr><th>Exception</th></tr><tr><td><div class="stacktrace">java.lang.AssertionError: Not on history web page expected [OrderHistory] but found [Order History]
	at com.naveenautomations.Tests.OrderHistoryTest.verifyOnOrderHistoryPage(OrderHistoryTest.java:41)
	at java.base/java.util.ArrayList.forEach(ArrayList.java:1511)
... Removed 30 stack frames</div></td></tr></table><p class="totop"><a href="#summary">back to summary</a></p>
<h3 id="m6">com.naveenautomations.Tests.AccountLoginTest#verifyLogin</h3><table class="result"><tr><th class="invisible"/></tr></table><p class="totop"><a href="#summary">back to summary</a></p>
<h3 id="m7">com.naveenautomations.Tests.CameraPurchasePageTest#addedToCartTest</h3><table class="result"><tr><th class="invisible"/></tr></table><p class="totop"><a href="#summary">back to summary</a></p>
<h3 id="m8">com.naveenautomations.Tests.ChangePasswordPageTest#confrmPassowrdChangedSuccessfuly</h3><table class="result"><tr><th class="invisible"/></tr></table><p class="totop"><a href="#summary">back to summary</a></p>
<h3 id="m9">com.naveenautomations.Tests.YourStorePageTest#testSomething</h3><table class="result"><tr><th class="invisible"/></tr></table><p class="totop"><a href="#summary">back to summary</a></p>
</body>
</html>
