<?xml version="1.0" encoding="UTF-8"?>
<testng-results retried="3" ignored="0" total="10" passed="4" failed="3" skipped="0">
  <reporter-output>
  </reporter-output>
  <suite started-at="2022-08-23T17:53:38 EDT" name="Suite" finished-at="2022-08-23T17:54:49 EDT" duration-ms="70929">
    <groups>
    </groups>
    <test started-at="2022-08-23T17:53:38 EDT" name="Test" finished-at="2022-08-23T17:54:49 EDT" duration-ms="70929">
      <class name="com.naveenautomations.Tests.OrderConfirmationPageTest">
        <test-method is-config="true" signature="loggerSetup()[pri:0, instance:com.naveenautomations.Tests.OrderConfirmationPageTest@5b022357]" started-at="2022-08-23T17:53:46 EDT" name="loggerSetup" finished-at="2022-08-23T17:53:46 EDT" duration-ms="2" status="PASS">
          <reporter-output>
          </reporter-output>
        </test-method> <!-- loggerSetup -->
        <test-method is-config="true" signature="startBrowserSession()[pri:0, instance:com.naveenautomations.Tests.OrderConfirmationPageTest@5b022357]" started-at="2022-08-23T17:53:46 EDT" name="startBrowserSession" finished-at="2022-08-23T17:53:56 EDT" duration-ms="10515" status="PASS">
          <reporter-output>
          </reporter-output>
        </test-method> <!-- startBrowserSession -->
        <test-method retried="true" signature="OrderConfirmationTest()[pri:0, instance:com.naveenautomations.Tests.OrderConfirmationPageTest@5b022357]" started-at="2022-08-23T17:53:56 EDT" name="OrderConfirmationTest" description="verifty if order confirmed" finished-at="2022-08-23T17:53:58 EDT" duration-ms="1890" status="SKIP">
          <exception class="java.lang.AssertionError">
            <message>
              <![CDATA[Order not confirmed expected [Your order has been successfullyprocessed!] but found [Your order has been successfully processed!]]]>
            </message>
            <full-stacktrace>
              <![CDATA[java.lang.AssertionError: Order not confirmed expected [Your order has been successfullyprocessed!] but found [Your order has been successfully processed!]
at org.testng.Assert.fail(Assert.java:99)
at org.testng.Assert.failNotEquals(Assert.java:1037)
at org.testng.Assert.assertEqualsImpl(Assert.java:140)
at org.testng.Assert.assertEquals(Assert.java:122)
at org.testng.Assert.assertEquals(Assert.java:629)
at com.naveenautomations.Tests.OrderConfirmationPageTest.OrderConfirmationTest(OrderConfirmationPageTest.java:66)
at java.base/jdk.internal.reflect.DirectMethodHandleAccessor.invoke(DirectMethodHandleAccessor.java:104)
at java.base/java.lang.reflect.Method.invoke(Method.java:577)
at org.testng.internal.MethodInvocationHelper.invokeMethod(MethodInvocationHelper.java:133)
at org.testng.internal.TestInvoker.invokeMethod(TestInvoker.java:598)
at org.testng.internal.TestInvoker.invokeTestMethod(TestInvoker.java:173)
at org.testng.internal.MethodRunner.runInSequence(MethodRunner.java:46)
at org.testng.internal.TestInvoker$MethodInvocationAgent.invoke(TestInvoker.java:824)
at org.testng.internal.TestInvoker.invokeTestMethods(TestInvoker.java:146)
at org.testng.internal.TestMethodWorker.invokeTestMethods(TestMethodWorker.java:146)
at org.testng.internal.TestMethodWorker.run(TestMethodWorker.java:128)
at java.base/java.util.ArrayList.forEach(ArrayList.java:1511)
at org.testng.TestRunner.privateRun(TestRunner.java:794)
at org.testng.TestRunner.run(TestRunner.java:596)
at org.testng.SuiteRunner.runTest(SuiteRunner.java:377)
at org.testng.SuiteRunner.runSequentially(SuiteRunner.java:371)
at org.testng.SuiteRunner.privateRun(SuiteRunner.java:332)
at org.testng.SuiteRunner.run(SuiteRunner.java:276)
at org.testng.SuiteRunnerWorker.runSuite(SuiteRunnerWorker.java:53)
at org.testng.SuiteRunnerWorker.run(SuiteRunnerWorker.java:96)
at org.testng.TestNG.runSuitesSequentially(TestNG.java:1212)
at org.testng.TestNG.runSuitesLocally(TestNG.java:1134)
at org.testng.TestNG.runSuites(TestNG.java:1063)
at org.testng.TestNG.run(TestNG.java:1031)
at org.testng.remote.AbstractRemoteTestNG.run(AbstractRemoteTestNG.java:115)
at org.testng.remote.RemoteTestNG.initAndRun(RemoteTestNG.java:251)
at org.testng.remote.RemoteTestNG.main(RemoteTestNG.java:77)
]]>
            </full-stacktrace>
          </exception> <!-- java.lang.AssertionError -->
          <reporter-output>
          </reporter-output>
        </test-method> <!-- OrderConfirmationTest -->
        <test-method is-config="true" signature="quitBrowserSession()[pri:0, instance:com.naveenautomations.Tests.OrderConfirmationPageTest@5b022357]" started-at="2022-08-23T17:53:58 EDT" name="quitBrowserSession" finished-at="2022-08-23T17:53:58 EDT" duration-ms="96" status="PASS">
          <reporter-output>
          </reporter-output>
        </test-method> <!-- quitBrowserSession -->
        <test-method is-config="true" signature="startBrowserSession()[pri:0, instance:com.naveenautomations.Tests.OrderConfirmationPageTest@5b022357]" started-at="2022-08-23T17:53:58 EDT" name="startBrowserSession" finished-at="2022-08-23T17:54:08 EDT" duration-ms="9351" status="PASS">
          <reporter-output>
          </reporter-output>
        </test-method> <!-- startBrowserSession -->
        <test-method signature="OrderConfirmationTest()[pri:0, instance:com.naveenautomations.Tests.OrderConfirmationPageTest@5b022357]" started-at="2022-08-23T17:54:08 EDT" name="OrderConfirmationTest" description="verifty if order confirmed" finished-at="2022-08-23T17:54:09 EDT" duration-ms="1862" status="FAIL">
          <exception class="java.lang.AssertionError">
            <message>
              <![CDATA[Order not confirmed expected [Your order has been successfullyprocessed!] but found [Your order has been successfully processed!]]]>
            </message>
            <full-stacktrace>
              <![CDATA[java.lang.AssertionError: Order not confirmed expected [Your order has been successfullyprocessed!] but found [Your order has been successfully processed!]
at org.testng.Assert.fail(Assert.java:99)
at org.testng.Assert.failNotEquals(Assert.java:1037)
at org.testng.Assert.assertEqualsImpl(Assert.java:140)
at org.testng.Assert.assertEquals(Assert.java:122)
at org.testng.Assert.assertEquals(Assert.java:629)
at com.naveenautomations.Tests.OrderConfirmationPageTest.OrderConfirmationTest(OrderConfirmationPageTest.java:66)
at java.base/jdk.internal.reflect.DirectMethodHandleAccessor.invoke(DirectMethodHandleAccessor.java:104)
at java.base/java.lang.reflect.Method.invoke(Method.java:577)
at org.testng.internal.MethodInvocationHelper.invokeMethod(MethodInvocationHelper.java:133)
at org.testng.internal.TestInvoker.invokeMethod(TestInvoker.java:598)
at org.testng.internal.TestInvoker.retryFailed(TestInvoker.java:213)
at org.testng.internal.MethodRunner.runInSequence(MethodRunner.java:58)
at org.testng.internal.TestInvoker$MethodInvocationAgent.invoke(TestInvoker.java:824)
at org.testng.internal.TestInvoker.invokeTestMethods(TestInvoker.java:146)
at org.testng.internal.TestMethodWorker.invokeTestMethods(TestMethodWorker.java:146)
at org.testng.internal.TestMethodWorker.run(TestMethodWorker.java:128)
at java.base/java.util.ArrayList.forEach(ArrayList.java:1511)
at org.testng.TestRunner.privateRun(TestRunner.java:794)
at org.testng.TestRunner.run(TestRunner.java:596)
at org.testng.SuiteRunner.runTest(SuiteRunner.java:377)
at org.testng.SuiteRunner.runSequentially(SuiteRunner.java:371)
at org.testng.SuiteRunner.privateRun(SuiteRunner.java:332)
at org.testng.SuiteRunner.run(SuiteRunner.java:276)
at org.testng.SuiteRunnerWorker.runSuite(SuiteRunnerWorker.java:53)
at org.testng.SuiteRunnerWorker.run(SuiteRunnerWorker.java:96)
at org.testng.TestNG.runSuitesSequentially(TestNG.java:1212)
at org.testng.TestNG.runSuitesLocally(TestNG.java:1134)
at org.testng.TestNG.runSuites(TestNG.java:1063)
at org.testng.TestNG.run(TestNG.java:1031)
at org.testng.remote.AbstractRemoteTestNG.run(AbstractRemoteTestNG.java:115)
at org.testng.remote.RemoteTestNG.initAndRun(RemoteTestNG.java:251)
at org.testng.remote.RemoteTestNG.main(RemoteTestNG.java:77)
]]>
            </full-stacktrace>
          </exception> <!-- java.lang.AssertionError -->
          <reporter-output>
          </reporter-output>
        </test-method> <!-- OrderConfirmationTest -->
        <test-method is-config="true" signature="quitBrowserSession()[pri:0, instance:com.naveenautomations.Tests.OrderConfirmationPageTest@5b022357]" started-at="2022-08-23T17:54:10 EDT" name="quitBrowserSession" finished-at="2022-08-23T17:54:10 EDT" duration-ms="96" status="PASS">
          <reporter-output>
          </reporter-output>
        </test-method> <!-- quitBrowserSession -->
      </class> <!-- com.naveenautomations.Tests.OrderConfirmationPageTest -->
      <class name="com.naveenautomations.Tests.OrderHistoryTest">
        <test-method is-config="true" signature="loggerSetup()[pri:0, instance:com.naveenautomations.Tests.OrderHistoryTest@1bc425e7]" started-at="2022-08-23T17:54:38 EDT" name="loggerSetup" finished-at="2022-08-23T17:54:38 EDT" duration-ms="2" status="PASS">
          <reporter-output>
          </reporter-output>
        </test-method> <!-- loggerSetup -->
        <test-method is-config="true" signature="startBrowserSession()[pri:0, instance:com.naveenautomations.Tests.OrderHistoryTest@1bc425e7]" started-at="2022-08-23T17:54:38 EDT" name="startBrowserSession" finished-at="2022-08-23T17:54:43 EDT" duration-ms="5121" status="PASS">
          <reporter-output>
          </reporter-output>
        </test-method> <!-- startBrowserSession -->
        <test-method retried="true" signature="verifyOnOrderHistoryPage()[pri:0, instance:com.naveenautomations.Tests.OrderHistoryTest@1bc425e7]" started-at="2022-08-23T17:54:43 EDT" name="verifyOnOrderHistoryPage" finished-at="2022-08-23T17:54:43 EDT" duration-ms="430" status="SKIP">
          <exception class="java.lang.AssertionError">
            <message>
              <![CDATA[Not on history web page expected [OrderHistory] but found [Order History]]]>
            </message>
            <full-stacktrace>
              <![CDATA[java.lang.AssertionError: Not on history web page expected [OrderHistory] but found [Order History]
at org.testng.Assert.fail(Assert.java:99)
at org.testng.Assert.failNotEquals(Assert.java:1037)
at org.testng.Assert.assertEqualsImpl(Assert.java:140)
at org.testng.Assert.assertEquals(Assert.java:122)
at org.testng.Assert.assertEquals(Assert.java:629)
at com.naveenautomations.Tests.OrderHistoryTest.verifyOnOrderHistoryPage(OrderHistoryTest.java:41)
at java.base/jdk.internal.reflect.DirectMethodHandleAccessor.invoke(DirectMethodHandleAccessor.java:104)
at java.base/java.lang.reflect.Method.invoke(Method.java:577)
at org.testng.internal.MethodInvocationHelper.invokeMethod(MethodInvocationHelper.java:133)
at org.testng.internal.TestInvoker.invokeMethod(TestInvoker.java:598)
at org.testng.internal.TestInvoker.invokeTestMethod(TestInvoker.java:173)
at org.testng.internal.MethodRunner.runInSequence(MethodRunner.java:46)
at org.testng.internal.TestInvoker$MethodInvocationAgent.invoke(TestInvoker.java:824)
at org.testng.internal.TestInvoker.invokeTestMethods(TestInvoker.java:146)
at org.testng.internal.TestMethodWorker.invokeTestMethods(TestMethodWorker.java:146)
at org.testng.internal.TestMethodWorker.run(TestMethodWorker.java:128)
at java.base/java.util.ArrayList.forEach(ArrayList.java:1511)
at org.testng.TestRunner.privateRun(TestRunner.java:794)
at org.testng.TestRunner.run(TestRunner.java:596)
at org.testng.SuiteRunner.runTest(SuiteRunner.java:377)
at org.testng.SuiteRunner.runSequentially(SuiteRunner.java:371)
at org.testng.SuiteRunner.privateRun(SuiteRunner.java:332)
at org.testng.SuiteRunner.run(SuiteRunner.java:276)
at org.testng.SuiteRunnerWorker.runSuite(SuiteRunnerWorker.java:53)
at org.testng.SuiteRunnerWorker.run(SuiteRunnerWorker.java:96)
at org.testng.TestNG.runSuitesSequentially(TestNG.java:1212)
at org.testng.TestNG.runSuitesLocally(TestNG.java:1134)
at org.testng.TestNG.runSuites(TestNG.java:1063)
at org.testng.TestNG.run(TestNG.java:1031)
at org.testng.remote.AbstractRemoteTestNG.run(AbstractRemoteTestNG.java:115)
at org.testng.remote.RemoteTestNG.initAndRun(RemoteTestNG.java:251)
at org.testng.remote.RemoteTestNG.main(RemoteTestNG.java:77)
]]>
            </full-stacktrace>
          </exception> <!-- java.lang.AssertionError -->
          <reporter-output>
          </reporter-output>
        </test-method> <!-- verifyOnOrderHistoryPage -->
        <test-method is-config="true" signature="quitBrowserSession()[pri:0, instance:com.naveenautomations.Tests.OrderHistoryTest@1bc425e7]" started-at="2022-08-23T17:54:43 EDT" name="quitBrowserSession" finished-at="2022-08-23T17:54:43 EDT" duration-ms="67" status="PASS">
          <reporter-output>
          </reporter-output>
        </test-method> <!-- quitBrowserSession -->
        <test-method is-config="true" signature="startBrowserSession()[pri:0, instance:com.naveenautomations.Tests.OrderHistoryTest@1bc425e7]" started-at="2022-08-23T17:54:43 EDT" name="startBrowserSession" finished-at="2022-08-23T17:54:49 EDT" duration-ms="5265" status="PASS">
          <reporter-output>
          </reporter-output>
        </test-method> <!-- startBrowserSession -->
        <test-method signature="verifyOnOrderHistoryPage()[pri:0, instance:com.naveenautomations.Tests.OrderHistoryTest@1bc425e7]" started-at="2022-08-23T17:54:49 EDT" name="verifyOnOrderHistoryPage" finished-at="2022-08-23T17:54:49 EDT" duration-ms="423" status="FAIL">
          <exception class="java.lang.AssertionError">
            <message>
              <![CDATA[Not on history web page expected [OrderHistory] but found [Order History]]]>
            </message>
            <full-stacktrace>
              <![CDATA[java.lang.AssertionError: Not on history web page expected [OrderHistory] but found [Order History]
at org.testng.Assert.fail(Assert.java:99)
at org.testng.Assert.failNotEquals(Assert.java:1037)
at org.testng.Assert.assertEqualsImpl(Assert.java:140)
at org.testng.Assert.assertEquals(Assert.java:122)
at org.testng.Assert.assertEquals(Assert.java:629)
at com.naveenautomations.Tests.OrderHistoryTest.verifyOnOrderHistoryPage(OrderHistoryTest.java:41)
at java.base/jdk.internal.reflect.DirectMethodHandleAccessor.invoke(DirectMethodHandleAccessor.java:104)
at java.base/java.lang.reflect.Method.invoke(Method.java:577)
at org.testng.internal.MethodInvocationHelper.invokeMethod(MethodInvocationHelper.java:133)
at org.testng.internal.TestInvoker.invokeMethod(TestInvoker.java:598)
at org.testng.internal.TestInvoker.retryFailed(TestInvoker.java:213)
at org.testng.internal.MethodRunner.runInSequence(MethodRunner.java:58)
at org.testng.internal.TestInvoker$MethodInvocationAgent.invoke(TestInvoker.java:824)
at org.testng.internal.TestInvoker.invokeTestMethods(TestInvoker.java:146)
at org.testng.internal.TestMethodWorker.invokeTestMethods(TestMethodWorker.java:146)
at org.testng.internal.TestMethodWorker.run(TestMethodWorker.java:128)
at java.base/java.util.ArrayList.forEach(ArrayList.java:1511)
at org.testng.TestRunner.privateRun(TestRunner.java:794)
at org.testng.TestRunner.run(TestRunner.java:596)
at org.testng.SuiteRunner.runTest(SuiteRunner.java:377)
at org.testng.SuiteRunner.runSequentially(SuiteRunner.java:371)
at org.testng.SuiteRunner.privateRun(SuiteRunner.java:332)
at org.testng.SuiteRunner.run(SuiteRunner.java:276)
at org.testng.SuiteRunnerWorker.runSuite(SuiteRunnerWorker.java:53)
at org.testng.SuiteRunnerWorker.run(SuiteRunnerWorker.java:96)
at org.testng.TestNG.runSuitesSequentially(TestNG.java:1212)
at org.testng.TestNG.runSuitesLocally(TestNG.java:1134)
at org.testng.TestNG.runSuites(TestNG.java:1063)
at org.testng.TestNG.run(TestNG.java:1031)
at org.testng.remote.AbstractRemoteTestNG.run(AbstractRemoteTestNG.java:115)
at org.testng.remote.RemoteTestNG.initAndRun(RemoteTestNG.java:251)
at org.testng.remote.RemoteTestNG.main(RemoteTestNG.java:77)
]]>
            </full-stacktrace>
          </exception> <!-- java.lang.AssertionError -->
          <reporter-output>
          </reporter-output>
        </test-method> <!-- verifyOnOrderHistoryPage -->
        <test-method is-config="true" signature="quitBrowserSession()[pri:0, instance:com.naveenautomations.Tests.OrderHistoryTest@1bc425e7]" started-at="2022-08-23T17:54:49 EDT" name="quitBrowserSession" finished-at="2022-08-23T17:54:49 EDT" duration-ms="61" status="PASS">
          <reporter-output>
          </reporter-output>
        </test-method> <!-- quitBrowserSession -->
      </class> <!-- com.naveenautomations.Tests.OrderHistoryTest -->
      <class name="com.naveenautomations.Tests.ChangePasswordPageTest">
        <test-method is-config="true" signature="loggerSetup()[pri:0, instance:com.naveenautomations.Tests.ChangePasswordPageTest@5116ac09]" started-at="2022-08-23T17:54:19 EDT" name="loggerSetup" finished-at="2022-08-23T17:54:19 EDT" duration-ms="1" status="PASS">
          <reporter-output>
          </reporter-output>
        </test-method> <!-- loggerSetup -->
        <test-method is-config="true" signature="startBrowserSession()[pri:0, instance:com.naveenautomations.Tests.ChangePasswordPageTest@5116ac09]" started-at="2022-08-23T17:54:19 EDT" name="startBrowserSession" finished-at="2022-08-23T17:54:24 EDT" duration-ms="5085" status="PASS">
          <reporter-output>
          </reporter-output>
        </test-method> <!-- startBrowserSession -->
        <test-method retried="true" signature="verifyOnChangePasswordPage()[pri:1, instance:com.naveenautomations.Tests.ChangePasswordPageTest@5116ac09]" started-at="2022-08-23T17:54:24 EDT" name="verifyOnChangePasswordPage" finished-at="2022-08-23T17:54:24 EDT" duration-ms="418" status="SKIP">
          <exception class="java.lang.AssertionError">
            <message>
              <![CDATA[Not on passowrd page expected [ChangePassword] but found [Change Password]]]>
            </message>
            <full-stacktrace>
              <![CDATA[java.lang.AssertionError: Not on passowrd page expected [ChangePassword] but found [Change Password]
at org.testng.Assert.fail(Assert.java:99)
at org.testng.Assert.failNotEquals(Assert.java:1037)
at org.testng.Assert.assertEqualsImpl(Assert.java:140)
at org.testng.Assert.assertEquals(Assert.java:122)
at org.testng.Assert.assertEquals(Assert.java:629)
at com.naveenautomations.Tests.ChangePasswordPageTest.verifyOnChangePasswordPage(ChangePasswordPageTest.java:44)
at java.base/jdk.internal.reflect.DirectMethodHandleAccessor.invoke(DirectMethodHandleAccessor.java:104)
at java.base/java.lang.reflect.Method.invoke(Method.java:577)
at org.testng.internal.MethodInvocationHelper.invokeMethod(MethodInvocationHelper.java:133)
at org.testng.internal.TestInvoker.invokeMethod(TestInvoker.java:598)
at org.testng.internal.TestInvoker.invokeTestMethod(TestInvoker.java:173)
at org.testng.internal.MethodRunner.runInSequence(MethodRunner.java:46)
at org.testng.internal.TestInvoker$MethodInvocationAgent.invoke(TestInvoker.java:824)
at org.testng.internal.TestInvoker.invokeTestMethods(TestInvoker.java:146)
at org.testng.internal.TestMethodWorker.invokeTestMethods(TestMethodWorker.java:146)
at org.testng.internal.TestMethodWorker.run(TestMethodWorker.java:128)
at java.base/java.util.ArrayList.forEach(ArrayList.java:1511)
at org.testng.TestRunner.privateRun(TestRunner.java:794)
at org.testng.TestRunner.run(TestRunner.java:596)
at org.testng.SuiteRunner.runTest(SuiteRunner.java:377)
at org.testng.SuiteRunner.runSequentially(SuiteRunner.java:371)
at org.testng.SuiteRunner.privateRun(SuiteRunner.java:332)
at org.testng.SuiteRunner.run(SuiteRunner.java:276)
at org.testng.SuiteRunnerWorker.runSuite(SuiteRunnerWorker.java:53)
at org.testng.SuiteRunnerWorker.run(SuiteRunnerWorker.java:96)
at org.testng.TestNG.runSuitesSequentially(TestNG.java:1212)
at org.testng.TestNG.runSuitesLocally(TestNG.java:1134)
at org.testng.TestNG.runSuites(TestNG.java:1063)
at org.testng.TestNG.run(TestNG.java:1031)
at org.testng.remote.AbstractRemoteTestNG.run(AbstractRemoteTestNG.java:115)
at org.testng.remote.RemoteTestNG.initAndRun(RemoteTestNG.java:251)
at org.testng.remote.RemoteTestNG.main(RemoteTestNG.java:77)
]]>
            </full-stacktrace>
          </exception> <!-- java.lang.AssertionError -->
          <reporter-output>
          </reporter-output>
        </test-method> <!-- verifyOnChangePasswordPage -->
        <test-method is-config="true" signature="quitBrowserSession()[pri:0, instance:com.naveenautomations.Tests.ChangePasswordPageTest@5116ac09]" started-at="2022-08-23T17:54:24 EDT" name="quitBrowserSession" finished-at="2022-08-23T17:54:25 EDT" duration-ms="75" status="PASS">
          <reporter-output>
          </reporter-output>
        </test-method> <!-- quitBrowserSession -->
        <test-method is-config="true" signature="startBrowserSession()[pri:0, instance:com.naveenautomations.Tests.ChangePasswordPageTest@5116ac09]" started-at="2022-08-23T17:54:25 EDT" name="startBrowserSession" finished-at="2022-08-23T17:54:31 EDT" duration-ms="6012" status="PASS">
          <reporter-output>
          </reporter-output>
        </test-method> <!-- startBrowserSession -->
        <test-method signature="verifyOnChangePasswordPage()[pri:1, instance:com.naveenautomations.Tests.ChangePasswordPageTest@5116ac09]" started-at="2022-08-23T17:54:31 EDT" name="verifyOnChangePasswordPage" finished-at="2022-08-23T17:54:31 EDT" duration-ms="418" status="FAIL">
          <exception class="java.lang.AssertionError">
            <message>
              <![CDATA[Not on passowrd page expected [ChangePassword] but found [Change Password]]]>
            </message>
            <full-stacktrace>
              <![CDATA[java.lang.AssertionError: Not on passowrd page expected [ChangePassword] but found [Change Password]
at org.testng.Assert.fail(Assert.java:99)
at org.testng.Assert.failNotEquals(Assert.java:1037)
at org.testng.Assert.assertEqualsImpl(Assert.java:140)
at org.testng.Assert.assertEquals(Assert.java:122)
at org.testng.Assert.assertEquals(Assert.java:629)
at com.naveenautomations.Tests.ChangePasswordPageTest.verifyOnChangePasswordPage(ChangePasswordPageTest.java:44)
at java.base/jdk.internal.reflect.DirectMethodHandleAccessor.invoke(DirectMethodHandleAccessor.java:104)
at java.base/java.lang.reflect.Method.invoke(Method.java:577)
at org.testng.internal.MethodInvocationHelper.invokeMethod(MethodInvocationHelper.java:133)
at org.testng.internal.TestInvoker.invokeMethod(TestInvoker.java:598)
at org.testng.internal.TestInvoker.retryFailed(TestInvoker.java:213)
at org.testng.internal.MethodRunner.runInSequence(MethodRunner.java:58)
at org.testng.internal.TestInvoker$MethodInvocationAgent.invoke(TestInvoker.java:824)
at org.testng.internal.TestInvoker.invokeTestMethods(TestInvoker.java:146)
at org.testng.internal.TestMethodWorker.invokeTestMethods(TestMethodWorker.java:146)
at org.testng.internal.TestMethodWorker.run(TestMethodWorker.java:128)
at java.base/java.util.ArrayList.forEach(ArrayList.java:1511)
at org.testng.TestRunner.privateRun(TestRunner.java:794)
at org.testng.TestRunner.run(TestRunner.java:596)
at org.testng.SuiteRunner.runTest(SuiteRunner.java:377)
at org.testng.SuiteRunner.runSequentially(SuiteRunner.java:371)
at org.testng.SuiteRunner.privateRun(SuiteRunner.java:332)
at org.testng.SuiteRunner.run(SuiteRunner.java:276)
at org.testng.SuiteRunnerWorker.runSuite(SuiteRunnerWorker.java:53)
at org.testng.SuiteRunnerWorker.run(SuiteRunnerWorker.java:96)
at org.testng.TestNG.runSuitesSequentially(TestNG.java:1212)
at org.testng.TestNG.runSuitesLocally(TestNG.java:1134)
at org.testng.TestNG.runSuites(TestNG.java:1063)
at org.testng.TestNG.run(TestNG.java:1031)
at org.testng.remote.AbstractRemoteTestNG.run(AbstractRemoteTestNG.java:115)
at org.testng.remote.RemoteTestNG.initAndRun(RemoteTestNG.java:251)
at org.testng.remote.RemoteTestNG.main(RemoteTestNG.java:77)
]]>
            </full-stacktrace>
          </exception> <!-- java.lang.AssertionError -->
          <reporter-output>
          </reporter-output>
        </test-method> <!-- verifyOnChangePasswordPage -->
        <test-method is-config="true" signature="quitBrowserSession()[pri:0, instance:com.naveenautomations.Tests.ChangePasswordPageTest@5116ac09]" started-at="2022-08-23T17:54:31 EDT" name="quitBrowserSession" finished-at="2022-08-23T17:54:31 EDT" duration-ms="67" status="PASS">
          <reporter-output>
          </reporter-output>
        </test-method> <!-- quitBrowserSession -->
        <test-method is-config="true" signature="startBrowserSession()[pri:0, instance:com.naveenautomations.Tests.ChangePasswordPageTest@5116ac09]" started-at="2022-08-23T17:54:31 EDT" name="startBrowserSession" finished-at="2022-08-23T17:54:36 EDT" duration-ms="5052" status="PASS">
          <reporter-output>
          </reporter-output>
        </test-method> <!-- startBrowserSession -->
        <test-method signature="confrmPassowrdChangedSuccessfuly()[pri:2, instance:com.naveenautomations.Tests.ChangePasswordPageTest@5116ac09]" started-at="2022-08-23T17:54:36 EDT" name="confrmPassowrdChangedSuccessfuly" finished-at="2022-08-23T17:54:38 EDT" duration-ms="1126" status="PASS">
          <reporter-output>
          </reporter-output>
        </test-method> <!-- confrmPassowrdChangedSuccessfuly -->
        <test-method is-config="true" signature="quitBrowserSession()[pri:0, instance:com.naveenautomations.Tests.ChangePasswordPageTest@5116ac09]" started-at="2022-08-23T17:54:38 EDT" name="quitBrowserSession" finished-at="2022-08-23T17:54:38 EDT" duration-ms="63" status="PASS">
          <reporter-output>
          </reporter-output>
        </test-method> <!-- quitBrowserSession -->
      </class> <!-- com.naveenautomations.Tests.ChangePasswordPageTest -->
      <class name="com.naveenautomations.Tests.CameraPurchasePageTest">
        <test-method is-config="true" signature="loggerSetup()[pri:0, instance:com.naveenautomations.Tests.CameraPurchasePageTest@5c92166b]" started-at="2022-08-23T17:53:39 EDT" name="loggerSetup" finished-at="2022-08-23T17:53:39 EDT" duration-ms="38" status="PASS">
          <reporter-output>
          </reporter-output>
        </test-method> <!-- loggerSetup -->
        <test-method is-config="true" signature="startBrowserSession()[pri:0, instance:com.naveenautomations.Tests.CameraPurchasePageTest@5c92166b]" started-at="2022-08-23T17:53:39 EDT" name="startBrowserSession" finished-at="2022-08-23T17:53:44 EDT" duration-ms="5764" status="PASS">
          <reporter-output>
          </reporter-output>
        </test-method> <!-- startBrowserSession -->
        <test-method signature="addedToCartTest()[pri:0, instance:com.naveenautomations.Tests.CameraPurchasePageTest@5c92166b]" started-at="2022-08-23T17:53:45 EDT" name="addedToCartTest" finished-at="2022-08-23T17:53:46 EDT" duration-ms="1033" status="PASS">
          <reporter-output>
          </reporter-output>
        </test-method> <!-- addedToCartTest -->
        <test-method is-config="true" signature="quitBrowserSession()[pri:0, instance:com.naveenautomations.Tests.CameraPurchasePageTest@5c92166b]" started-at="2022-08-23T17:53:46 EDT" name="quitBrowserSession" finished-at="2022-08-23T17:53:46 EDT" duration-ms="83" status="PASS">
          <reporter-output>
          </reporter-output>
        </test-method> <!-- quitBrowserSession -->
      </class> <!-- com.naveenautomations.Tests.CameraPurchasePageTest -->
      <class name="com.naveenautomations.Tests.YourStorePageTest">
        <test-method is-config="true" signature="loggerSetup()[pri:0, instance:com.naveenautomations.Tests.YourStorePageTest@6f8e0cee]" started-at="2022-08-23T17:54:10 EDT" name="loggerSetup" finished-at="2022-08-23T17:54:10 EDT" duration-ms="2" status="PASS">
          <reporter-output>
          </reporter-output>
        </test-method> <!-- loggerSetup -->
        <test-method is-config="true" signature="startBrowserSession()[pri:0, instance:com.naveenautomations.Tests.YourStorePageTest@6f8e0cee]" started-at="2022-08-23T17:54:10 EDT" name="startBrowserSession" finished-at="2022-08-23T17:54:14 EDT" duration-ms="3876" status="PASS">
          <reporter-output>
          </reporter-output>
        </test-method> <!-- startBrowserSession -->
        <test-method signature="testSomething()[pri:0, instance:com.naveenautomations.Tests.YourStorePageTest@6f8e0cee]" started-at="2022-08-23T17:54:14 EDT" name="testSomething" finished-at="2022-08-23T17:54:14 EDT" duration-ms="33" status="PASS">
          <reporter-output>
          </reporter-output>
        </test-method> <!-- testSomething -->
        <test-method is-config="true" signature="quitBrowserSession()[pri:0, instance:com.naveenautomations.Tests.YourStorePageTest@6f8e0cee]" started-at="2022-08-23T17:54:14 EDT" name="quitBrowserSession" finished-at="2022-08-23T17:54:14 EDT" duration-ms="81" status="PASS">
          <reporter-output>
          </reporter-output>
        </test-method> <!-- quitBrowserSession -->
      </class> <!-- com.naveenautomations.Tests.YourStorePageTest -->
      <class name="com.naveenautomations.Tests.AccountLoginTest">
        <test-method is-config="true" signature="loggerSetup()[pri:0, instance:com.naveenautomations.Tests.AccountLoginTest@614aeccc]" started-at="2022-08-23T17:54:14 EDT" name="loggerSetup" finished-at="2022-08-23T17:54:14 EDT" duration-ms="2" status="PASS">
          <reporter-output>
          </reporter-output>
        </test-method> <!-- loggerSetup -->
        <test-method is-config="true" signature="startBrowserSession()[pri:0, instance:com.naveenautomations.Tests.AccountLoginTest@614aeccc]" started-at="2022-08-23T17:54:14 EDT" name="startBrowserSession" finished-at="2022-08-23T17:54:18 EDT" duration-ms="4247" status="PASS">
          <reporter-output>
          </reporter-output>
        </test-method> <!-- startBrowserSession -->
        <test-method signature="verifyLogin()[pri:0, instance:com.naveenautomations.Tests.AccountLoginTest@614aeccc]" started-at="2022-08-23T17:54:18 EDT" name="verifyLogin" finished-at="2022-08-23T17:54:19 EDT" duration-ms="770" status="PASS">
          <reporter-output>
          </reporter-output>
        </test-method> <!-- verifyLogin -->
        <test-method is-config="true" signature="quitBrowserSession()[pri:0, instance:com.naveenautomations.Tests.AccountLoginTest@614aeccc]" started-at="2022-08-23T17:54:19 EDT" name="quitBrowserSession" finished-at="2022-08-23T17:54:19 EDT" duration-ms="75" status="PASS">
          <reporter-output>
          </reporter-output>
        </test-method> <!-- quitBrowserSession -->
      </class> <!-- com.naveenautomations.Tests.AccountLoginTest -->
    </test> <!-- Test -->
  </suite> <!-- Suite -->
</testng-results>
