<?xml version="1.0" encoding="UTF-8"?>
<!-- Generated by org.testng.reporters.JUnitReportReporter -->
<testsuite hostname="Sal_Alienware" failures="1" tests="3" name="com.naveenautomations.Tests.ChangePasswordPageTest" time="18.316" errors="0" timestamp="2022-08-23T17:54:50 EDT" skipped="1">
  <testcase classname="com.naveenautomations.Tests.ChangePasswordPageTest" name="verifyOnChangePasswordPage" time="5.545">
    <failure message="Not on passowrd page expected [ChangePassword] but found [Change Password]" type="java.lang.AssertionError">
      <![CDATA[java.lang.AssertionError: Not on passowrd page expected [ChangePassword] but found [Change Password]
at org.testng.Assert.fail(Assert.java:99)
at org.testng.Assert.failNotEquals(Assert.java:1037)
at org.testng.Assert.assertEqualsImpl(Assert.java:140)
at org.testng.Assert.assertEquals(Assert.java:122)
at org.testng.Assert.assertEquals(Assert.java:629)
at com.naveenautomations.Tests.ChangePasswordPageTest.verifyOnChangePasswordPage(ChangePasswordPageTest.java:44)
at java.base/jdk.internal.reflect.DirectMethodHandleAccessor.invoke(DirectMethodHandleAccessor.java:104)
at java.base/java.lang.reflect.Method.invoke(Method.java:577)
at org.testng.internal.MethodInvocationHelper.invokeMethod(MethodInvocationHelper.java:133)
at org.testng.internal.TestInvoker.invokeMethod(TestInvoker.java:598)
at org.testng.internal.TestInvoker.retryFailed(TestInvoker.java:213)
at org.testng.internal.MethodRunner.runInSequence(MethodRunner.java:58)
at org.testng.internal.TestInvoker$MethodInvocationAgent.invoke(TestInvoker.java:824)
at org.testng.internal.TestInvoker.invokeTestMethods(TestInvoker.java:146)
at org.testng.internal.TestMethodWorker.invokeTestMethods(TestMethodWorker.java:146)
at org.testng.internal.TestMethodWorker.run(TestMethodWorker.java:128)
at java.base/java.util.ArrayList.forEach(ArrayList.java:1511)
at org.testng.TestRunner.privateRun(TestRunner.java:794)
at org.testng.TestRunner.run(TestRunner.java:596)
at org.testng.SuiteRunner.runTest(SuiteRunner.java:377)
at org.testng.SuiteRunner.runSequentially(SuiteRunner.java:371)
at org.testng.SuiteRunner.privateRun(SuiteRunner.java:332)
at org.testng.SuiteRunner.run(SuiteRunner.java:276)
at org.testng.SuiteRunnerWorker.runSuite(SuiteRunnerWorker.java:53)
at org.testng.SuiteRunnerWorker.run(SuiteRunnerWorker.java:96)
at org.testng.TestNG.runSuitesSequentially(TestNG.java:1212)
at org.testng.TestNG.runSuitesLocally(TestNG.java:1134)
at org.testng.TestNG.runSuites(TestNG.java:1063)
at org.testng.TestNG.run(TestNG.java:1031)
at org.testng.remote.AbstractRemoteTestNG.run(AbstractRemoteTestNG.java:115)
at org.testng.remote.RemoteTestNG.initAndRun(RemoteTestNG.java:251)
at org.testng.remote.RemoteTestNG.main(RemoteTestNG.java:77)
]]>
    </failure>
  </testcase> <!-- verifyOnChangePasswordPage -->
  <system-out/>
  <testcase classname="com.naveenautomations.Tests.ChangePasswordPageTest" name="verifyOnChangePasswordPage" time="5.570">
    <skipped/>
  </testcase> <!-- verifyOnChangePasswordPage -->
  <system-out/>
  <testcase classname="com.naveenautomations.Tests.ChangePasswordPageTest" name="confrmPassowrdChangedSuccessfuly" time="7.201"/>
  <system-out/>
</testsuite> <!-- com.naveenautomations.Tests.ChangePasswordPageTest -->
